<?xml version="1.0" encoding="UTF-8"?>
<!-- Generated by org.testng.reporters.JUnitXMLReporter -->
<testsuite ignored="0" hostname="LAPTOP-7TK2NK2E" failures="0" tests="6" name="Test" time="0.065" errors="0" timestamp="2022-03-18T16:44:05 IST">
  <testcase classname="com.maven.testAutomation.First" name="oneOne" time="0.004"/>
  <testcase classname="com.maven.testAutomation.First" name="oneTwo" time="0.001"/>
  <testcase classname="com.maven.testAutomation.Third" name="threeOne" time="0.001"/>
  <testcase classname="com.maven.testAutomation.Third" name="threeTwo" time="0.001"/>
  <testcase classname="com.maven.testAutomation.Second" name="twoOne" time="0.002"/>
  <testcase classname="com.maven.testAutomation.Second" name="twoTwo" time="0.002"/>
</testsuite> <!-- Test -->
