<?xml version="1.0" encoding="UTF-8"?>
<testng-results ignored="0" total="6" passed="6" failed="0" skipped="0">
  <reporter-output>
  </reporter-output>
  <suite started-at="2022-03-18T16:44:05 IST" name="Suite" finished-at="2022-03-18T16:44:05 IST" duration-ms="65">
    <groups>
    </groups>
    <test started-at="2022-03-18T16:44:05 IST" name="Test" finished-at="2022-03-18T16:44:05 IST" duration-ms="65">
      <class name="com.maven.testAutomation.First">
        <test-method signature="oneOne()[pri:0, instance:com.maven.testAutomation.First@fba92d3]" started-at="2022-03-18T16:44:05 IST" name="oneOne" finished-at="2022-03-18T16:44:05 IST" duration-ms="4" status="PASS">
          <reporter-output>
          </reporter-output>
        </test-method> <!-- oneOne -->
        <test-method signature="oneTwo()[pri:0, instance:com.maven.testAutomation.First@fba92d3]" started-at="2022-03-18T16:44:05 IST" name="oneTwo" finished-at="2022-03-18T16:44:05 IST" duration-ms="1" status="PASS">
          <reporter-output>
          </reporter-output>
        </test-method> <!-- oneTwo -->
      </class> <!-- com.maven.testAutomation.First -->
      <class name="com.maven.testAutomation.Second">
        <test-method signature="twoOne()[pri:0, instance:com.maven.testAutomation.Second@342c38f8]" started-at="2022-03-18T16:44:05 IST" name="twoOne" finished-at="2022-03-18T16:44:05 IST" duration-ms="2" status="PASS">
          <reporter-output>
          </reporter-output>
        </test-method> <!-- twoOne -->
        <test-method signature="twoTwo()[pri:0, instance:com.maven.testAutomation.Second@342c38f8]" started-at="2022-03-18T16:44:05 IST" name="twoTwo" finished-at="2022-03-18T16:44:05 IST" duration-ms="2" status="PASS">
          <reporter-output>
          </reporter-output>
        </test-method> <!-- twoTwo -->
      </class> <!-- com.maven.testAutomation.Second -->
      <class name="com.maven.testAutomation.Third">
        <test-method is-config="true" signature="three()[pri:0, instance:com.maven.testAutomation.Third@43dac38f]" started-at="2022-03-18T16:44:05 IST" name="three" finished-at="2022-03-18T16:44:05 IST" duration-ms="9" status="PASS">
          <reporter-output>
          </reporter-output>
        </test-method> <!-- three -->
        <test-method signature="threeOne()[pri:0, instance:com.maven.testAutomation.Third@43dac38f]" started-at="2022-03-18T16:44:05 IST" name="threeOne" finished-at="2022-03-18T16:44:05 IST" duration-ms="1" status="PASS">
          <reporter-output>
          </reporter-output>
        </test-method> <!-- threeOne -->
        <test-method signature="threeTwo()[pri:0, instance:com.maven.testAutomation.Third@43dac38f]" started-at="2022-03-18T16:44:05 IST" name="threeTwo" finished-at="2022-03-18T16:44:05 IST" duration-ms="1" status="PASS">
          <reporter-output>
          </reporter-output>
        </test-method> <!-- threeTwo -->
      </class> <!-- com.maven.testAutomation.Third -->
    </test> <!-- Test -->
  </suite> <!-- Suite -->
</testng-results>
